<?xml version="1.0" encoding="UTF-8"?>
<testsuite name="com.it.tests.MyTest" tests="1" skipped="0" failures="0" errors="0" timestamp="2020-06-06T07:02:21" hostname="DESKTOP-LDBR4HG" time="1.165">
  <properties/>
  <testcase name="test1" classname="com.it.tests.MyTest" time="1.165"/>
  <system-out><![CDATA[10:02 INFO LoginHelper login 16-: Login user name - ittest2, password - 337774a. 
hi
hi
hi
hi
hi
]]></system-out>
  <system-err><![CDATA[]]></system-err>
</testsuite>
