<?xml version="1.0" encoding="UTF-8"?>
<testsuite name="com.it.tests.MyTest" tests="1" skipped="0" failures="0" errors="0" timestamp="2020-06-04T13:54:58" hostname="DESKTOP-LDBR4HG" time="1.316">
  <properties/>
  <testcase name="test1" classname="com.it.tests.MyTest" time="1.316"/>
  <system-out><![CDATA[16:54 INFO LoginHelper login 17-: Login user name - ittest2, password - 337774a. 
hi
hi
hi
hi
hi
]]></system-out>
  <system-err><![CDATA[]]></system-err>
</testsuite>
